# JRE version: OpenJDK Runtime Environment (17.0.6) (build 17.0.6+0-b2043.56-10027231)
# Java VM: OpenJDK 64-Bit Server VM (17.0.6+0-b2043.56-10027231, mixed mode, tiered, compressed oops, compressed class ptrs, g1 gc, windows-amd64)
GC Precious Log:
 CPUs: 12 total, 12 available
 Memory: 7568M
 Large Page Support: Disabled
 NUMA Support: Disabled
 Compressed Oops: Enabled (32-bit)
 Heap Region Size: 1M
 Heap Min Capacity: 8M
 Heap Initial Capacity: 120M
 Heap Max Capacity: 2G
 Pre-touch: Disabled
 Parallel Workers: 10
 Concurrent Workers: 3
 Concurrent Refinement Workers: 10
 Periodic GC: Disabled
Heap:
 garbage-first heap   total 352256K, used 175387K [0x0000000080000000, 0x0000000100000000)
  region size 1024K, 42 young (43008K), 20 survivors (20480K)
 Metaspace       used 103065K, committed 104064K, reserved 1146880K
  class space    used 13718K, committed 14208K, reserved 1048576K
GC Heap History (20 events):
Event: 447.588 GC heap before
{Heap before GC invocations=42 (full 0):
 garbage-first heap   total 197632K, used 168959K [0x0000000080000000, 0x0000000100000000)
  region size 1024K, 40 young (40960K), 9 survivors (9216K)
 Metaspace       used 94224K, committed 94976K, reserved 1138688K
  class space    used 12693K, committed 13056K, reserved 1048576K
}
Event: 447.598 GC heap after
{Heap after GC invocations=43 (full 0):
 garbage-first heap   total 352256K, used 124561K [0x0000000080000000, 0x0000000100000000)
  region size 1024K, 3 young (3072K), 3 survivors (3072K)
 Metaspace       used 94224K, committed 94976K, reserved 1138688K
  class space    used 12693K, committed 13056K, reserved 1048576K
}
Event: 859.159 GC heap before
{Heap before GC invocations=44 (full 0):
 garbage-first heap   total 352256K, used 284305K [0x0000000080000000, 0x0000000100000000)
  region size 1024K, 144 young (147456K), 3 survivors (3072K)
 Metaspace       used 101777K, committed 102528K, reserved 1138688K
  class space    used 13649K, committed 14016K, reserved 1048576K
}
Event: 859.187 GC heap after
{Heap after GC invocations=45 (full 0):
 garbage-first heap   total 352256K, used 133637K [0x0000000080000000, 0x0000000100000000)
  region size 1024K, 12 young (12288K), 12 survivors (12288K)
 Metaspace       used 101777K, committed 102528K, reserved 1138688K
  class space    used 13649K, committed 14016K, reserved 1048576K
}
Event: 859.214 GC heap before
{Heap before GC invocations=45 (full 0):
 garbage-first heap   total 352256K, used 137733K [0x0000000080000000, 0x0000000100000000)
  region size 1024K, 17 young (17408K), 12 survivors (12288K)
 Metaspace       used 101798K, committed 102592K, reserved 1138688K
  class space    used 13649K, committed 14016K, reserved 1048576K
}
Event: 859.226 GC heap after
{Heap after GC invocations=46 (full 0):
 garbage-first heap   total 352256K, used 130881K [0x0000000080000000, 0x0000000100000000)
  region size 1024K, 2 young (2048K), 2 survivors (2048K)
 Metaspace       used 101798K, committed 102592K, reserved 1138688K
  class space    used 13649K, committed 14016K, reserved 1048576K
}
Event: 859.260 GC heap before
{Heap before GC invocations=46 (full 0):
 garbage-first heap   total 352256K, used 132929K [0x0000000080000000, 0x0000000100000000)
  region size 1024K, 6 young (6144K), 2 survivors (2048K)
 Metaspace       used 101819K, committed 102656K, reserved 1138688K
  class space    used 13651K, committed 14080K, reserved 1048576K
}
Event: 859.263 GC heap after
{Heap after GC invocations=47 (full 0):
 garbage-first heap   total 352256K, used 130058K [0x0000000080000000, 0x0000000100000000)
  region size 1024K, 2 young (2048K), 2 survivors (2048K)
 Metaspace       used 101819K, committed 102656K, reserved 1138688K
  class space    used 13651K, committed 14080K, reserved 1048576K
}
Event: 1118.816 GC heap before
{Heap before GC invocations=48 (full 0):
 garbage-first heap   total 352256K, used 301066K [0x0000000080000000, 0x0000000100000000)
  region size 1024K, 146 young (149504K), 2 survivors (2048K)
 Metaspace       used 102319K, committed 103168K, reserved 1138688K
  class space    used 13674K, committed 14080K, reserved 1048576K
}
Event: 1118.830 GC heap after
{Heap after GC invocations=49 (full 0):
 garbage-first heap   total 352256K, used 124119K [0x0000000080000000, 0x0000000100000000)
  region size 1024K, 7 young (7168K), 7 survivors (7168K)
 Metaspace       used 102319K, committed 103168K, reserved 1138688K
  class space    used 13674K, committed 14080K, reserved 1048576K
}
Event: 1118.975 GC heap before
{Heap before GC invocations=49 (full 0):
 garbage-first heap   total 352256K, used 133335K [0x0000000080000000, 0x0000000100000000)
  region size 1024K, 17 young (17408K), 7 survivors (7168K)
 Metaspace       used 102472K, committed 103360K, reserved 1138688K
  class space    used 13694K, committed 14144K, reserved 1048576K
}
Event: 1118.985 GC heap after
{Heap after GC invocations=50 (full 0):
 garbage-first heap   total 352256K, used 113312K [0x0000000080000000, 0x0000000100000000)
  region size 1024K, 3 young (3072K), 3 survivors (3072K)
 Metaspace       used 102472K, committed 103360K, reserved 1138688K
  class space    used 13694K, committed 14144K, reserved 1048576K
}
Event: 1119.028 GC heap before
{Heap before GC invocations=50 (full 0):
 garbage-first heap   total 352256K, used 121504K [0x0000000080000000, 0x0000000100000000)
  region size 1024K, 12 young (12288K), 3 survivors (3072K)
 Metaspace       used 102495K, committed 103360K, reserved 1138688K
  class space    used 13696K, committed 14144K, reserved 1048576K
}
Event: 1119.033 GC heap after
{Heap after GC invocations=51 (full 0):
 garbage-first heap   total 352256K, used 113566K [0x0000000080000000, 0x0000000100000000)
  region size 1024K, 3 young (3072K), 3 survivors (3072K)
 Metaspace       used 102495K, committed 103360K, reserved 1138688K
  class space    used 13696K, committed 14144K, reserved 1048576K
}
Event: 1197.307 GC heap before
{Heap before GC invocations=52 (full 0):
 garbage-first heap   total 352256K, used 313246K [0x0000000080000000, 0x0000000100000000)
  region size 1024K, 162 young (165888K), 3 survivors (3072K)
 Metaspace       used 102950K, committed 103872K, reserved 1146880K
  class space    used 13716K, committed 14144K, reserved 1048576K
}
Event: 1197.330 GC heap after
{Heap after GC invocations=53 (full 0):
 garbage-first heap   total 352256K, used 127285K [0x0000000080000000, 0x0000000100000000)
  region size 1024K, 14 young (14336K), 14 survivors (14336K)
 Metaspace       used 102950K, committed 103872K, reserved 1146880K
  class space    used 13716K, committed 14144K, reserved 1048576K
}
Event: 1197.336 GC heap before
{Heap before GC invocations=53 (full 0):
 garbage-first heap   total 352256K, used 130357K [0x0000000080000000, 0x0000000100000000)
  region size 1024K, 17 young (17408K), 14 survivors (14336K)
 Metaspace       used 102950K, committed 103872K, reserved 1146880K
  class space    used 13716K, committed 14144K, reserved 1048576K
}
Event: 1197.351 GC heap after
{Heap after GC invocations=54 (full 0):
 garbage-first heap   total 352256K, used 120549K [0x0000000080000000, 0x0000000100000000)
  region size 1024K, 3 young (3072K), 3 survivors (3072K)
 Metaspace       used 102950K, committed 103872K, reserved 1146880K
  class space    used 13716K, committed 14144K, reserved 1048576K
}
Event: 1197.419 GC heap before
{Heap before GC invocations=54 (full 0):
 garbage-first heap   total 352256K, used 152293K [0x0000000080000000, 0x0000000100000000)
  region size 1024K, 35 young (35840K), 3 survivors (3072K)
 Metaspace       used 102973K, committed 103872K, reserved 1146880K
  class space    used 13716K, committed 14144K, reserved 1048576K
}
Event: 1197.429 GC heap after
{Heap after GC invocations=55 (full 0):
 garbage-first heap   total 352256K, used 137499K [0x0000000080000000, 0x0000000100000000)
  region size 1024K, 20 young (20480K), 20 survivors (20480K)
 Metaspace       used 102973K, committed 103872K, reserved 1146880K
  class space    used 13716K, committed 14144K, reserved 1048576K
}

