# JRE version: OpenJDK Runtime Environment (17.0.6) (build 17.0.6+0-b2043.56-10027231)
# Java VM: OpenJDK 64-Bit Server VM (17.0.6+0-b2043.56-10027231, mixed mode, tiered, compressed oops, compressed class ptrs, g1 gc, windows-amd64)
GC Precious Log:
 CPUs: 12 total, 12 available
 Memory: 7568M
 Large Page Support: Disabled
 NUMA Support: Disabled
 Compressed Oops: Enabled (32-bit)
 Heap Region Size: 1M
 Heap Min Capacity: 8M
 Heap Initial Capacity: 120M
 Heap Max Capacity: 2G
 Pre-touch: Disabled
 Parallel Workers: 10
 Concurrent Workers: 3
 Concurrent Refinement Workers: 10
 Periodic GC: Disabled
Heap:
 garbage-first heap   total 196608K, used 111028K [0x0000000080000000, 0x0000000100000000)
  region size 1024K, 4 young (4096K), 4 survivors (4096K)
 Metaspace       used 109896K, committed 110592K, reserved 1146880K
  class space    used 15515K, committed 15872K, reserved 1048576K
GC Heap History (20 events):
Event: 6.403 GC heap after
{Heap after GC invocations=34 (full 0):
 garbage-first heap   total 163840K, used 76971K [0x0000000080000000, 0x0000000100000000)
  region size 1024K, 9 young (9216K), 9 survivors (9216K)
 Metaspace       used 83935K, committed 84480K, reserved 1122304K
  class space    used 11528K, committed 11776K, reserved 1048576K
}
Event: 6.561 GC heap before
{Heap before GC invocations=34 (full 0):
 garbage-first heap   total 163840K, used 128171K [0x0000000080000000, 0x0000000100000000)
  region size 1024K, 60 young (61440K), 9 survivors (9216K)
 Metaspace       used 84737K, committed 85312K, reserved 1130496K
  class space    used 11712K, committed 11968K, reserved 1048576K
}
Event: 6.568 GC heap after
{Heap after GC invocations=35 (full 0):
 garbage-first heap   total 163840K, used 82523K [0x0000000080000000, 0x0000000100000000)
  region size 1024K, 6 young (6144K), 6 survivors (6144K)
 Metaspace       used 84737K, committed 85312K, reserved 1130496K
  class space    used 11712K, committed 11968K, reserved 1048576K
}
Event: 6.810 GC heap before
{Heap before GC invocations=35 (full 0):
 garbage-first heap   total 163840K, used 129627K [0x0000000080000000, 0x0000000100000000)
  region size 1024K, 53 young (54272K), 6 survivors (6144K)
 Metaspace       used 85366K, committed 85952K, reserved 1130496K
  class space    used 11767K, committed 12032K, reserved 1048576K
}
Event: 6.814 GC heap after
{Heap after GC invocations=36 (full 0):
 garbage-first heap   total 163840K, used 86874K [0x0000000080000000, 0x0000000100000000)
  region size 1024K, 6 young (6144K), 6 survivors (6144K)
 Metaspace       used 85366K, committed 85952K, reserved 1130496K
  class space    used 11767K, committed 12032K, reserved 1048576K
}
Event: 7.084 GC heap before
{Heap before GC invocations=37 (full 0):
 garbage-first heap   total 163840K, used 131930K [0x0000000080000000, 0x0000000100000000)
  region size 1024K, 50 young (51200K), 6 survivors (6144K)
 Metaspace       used 87432K, committed 88064K, reserved 1130496K
  class space    used 11991K, committed 12288K, reserved 1048576K
}
Event: 7.090 GC heap after
{Heap after GC invocations=38 (full 0):
 garbage-first heap   total 163840K, used 90291K [0x0000000080000000, 0x0000000100000000)
  region size 1024K, 6 young (6144K), 6 survivors (6144K)
 Metaspace       used 87432K, committed 88064K, reserved 1130496K
  class space    used 11991K, committed 12288K, reserved 1048576K
}
Event: 7.094 GC heap before
{Heap before GC invocations=38 (full 0):
 garbage-first heap   total 163840K, used 92339K [0x0000000080000000, 0x0000000100000000)
  region size 1024K, 8 young (8192K), 6 survivors (6144K)
 Metaspace       used 87457K, committed 88064K, reserved 1130496K
  class space    used 11993K, committed 12288K, reserved 1048576K
}
Event: 7.098 GC heap after
{Heap after GC invocations=39 (full 0):
 garbage-first heap   total 196608K, used 89613K [0x0000000080000000, 0x0000000100000000)
  region size 1024K, 1 young (1024K), 1 survivors (1024K)
 Metaspace       used 87457K, committed 88064K, reserved 1130496K
  class space    used 11993K, committed 12288K, reserved 1048576K
}
Event: 7.436 GC heap before
{Heap before GC invocations=39 (full 0):
 garbage-first heap   total 196608K, used 155149K [0x0000000080000000, 0x0000000100000000)
  region size 1024K, 66 young (67584K), 1 survivors (1024K)
 Metaspace       used 90946K, committed 91584K, reserved 1130496K
  class space    used 12451K, committed 12736K, reserved 1048576K
}
Event: 7.441 GC heap after
{Heap after GC invocations=40 (full 0):
 garbage-first heap   total 196608K, used 94587K [0x0000000080000000, 0x0000000100000000)
  region size 1024K, 6 young (6144K), 6 survivors (6144K)
 Metaspace       used 90946K, committed 91584K, reserved 1130496K
  class space    used 12451K, committed 12736K, reserved 1048576K
}
Event: 8.446 GC heap before
{Heap before GC invocations=41 (full 0):
 garbage-first heap   total 196608K, used 156027K [0x0000000080000000, 0x0000000100000000)
  region size 1024K, 67 young (68608K), 6 survivors (6144K)
 Metaspace       used 93220K, committed 93888K, reserved 1130496K
  class space    used 12737K, committed 13056K, reserved 1048576K
}
Event: 8.451 GC heap after
{Heap after GC invocations=42 (full 0):
 garbage-first heap   total 196608K, used 100314K [0x0000000080000000, 0x0000000100000000)
  region size 1024K, 7 young (7168K), 7 survivors (7168K)
 Metaspace       used 93220K, committed 93888K, reserved 1130496K
  class space    used 12737K, committed 13056K, reserved 1048576K
}
Event: 8.456 GC heap before
{Heap before GC invocations=42 (full 0):
 garbage-first heap   total 196608K, used 102362K [0x0000000080000000, 0x0000000100000000)
  region size 1024K, 9 young (9216K), 7 survivors (7168K)
 Metaspace       used 93220K, committed 93888K, reserved 1130496K
  class space    used 12737K, committed 13056K, reserved 1048576K
}
Event: 8.459 GC heap after
{Heap after GC invocations=43 (full 0):
 garbage-first heap   total 196608K, used 98974K [0x0000000080000000, 0x0000000100000000)
  region size 1024K, 1 young (1024K), 1 survivors (1024K)
 Metaspace       used 93220K, committed 93888K, reserved 1130496K
  class space    used 12737K, committed 13056K, reserved 1048576K
}
Event: 8.810 GC heap before
{Heap before GC invocations=43 (full 0):
 garbage-first heap   total 196608K, used 159390K [0x0000000080000000, 0x0000000100000000)
  region size 1024K, 59 young (60416K), 1 survivors (1024K)
 Metaspace       used 99272K, committed 100032K, reserved 1138688K
  class space    used 13656K, committed 14016K, reserved 1048576K
}
Event: 8.816 GC heap after
{Heap after GC invocations=44 (full 0):
 garbage-first heap   total 196608K, used 107768K [0x0000000080000000, 0x0000000100000000)
  region size 1024K, 8 young (8192K), 8 survivors (8192K)
 Metaspace       used 99272K, committed 100032K, reserved 1138688K
  class space    used 13656K, committed 14016K, reserved 1048576K
}
Event: 9.095 GC heap before
{Heap before GC invocations=44 (full 0):
 garbage-first heap   total 196608K, used 155896K [0x0000000080000000, 0x0000000100000000)
  region size 1024K, 56 young (57344K), 8 survivors (8192K)
 Metaspace       used 106758K, committed 107456K, reserved 1146880K
  class space    used 15000K, committed 15360K, reserved 1048576K
}
Event: 9.101 GC heap after
{Heap after GC invocations=45 (full 0):
 garbage-first heap   total 196608K, used 111549K [0x0000000080000000, 0x0000000100000000)
  region size 1024K, 4 young (4096K), 4 survivors (4096K)
 Metaspace       used 106758K, committed 107456K, reserved 1146880K
  class space    used 15000K, committed 15360K, reserved 1048576K
}
Event: 9.332 GC heap before
{Heap before GC invocations=45 (full 0):
 garbage-first heap   total 196608K, used 158653K [0x0000000080000000, 0x0000000100000000)
  region size 1024K, 50 young (51200K), 4 survivors (4096K)
 Metaspace       used 109896K, committed 110592K, reserved 1146880K
  class space    used 15515K, committed 15872K, reserved 1048576K
}

